{"name":"hexo","hostname":"liuhuobing-PC","pid":1040,"level":20,"msg":"Hexo version: 3.1.1","time":"2015-08-24T08:27:49.951Z","v":0}
{"name":"hexo","hostname":"liuhuobing-PC","pid":1040,"level":20,"msg":"Working directory: E:\\Research_Projects\\hexo_dailywerk\\","time":"2015-08-24T08:27:49.957Z","v":0}
{"name":"hexo","hostname":"liuhuobing-PC","pid":1040,"level":60,"err":{"message":"can not read a block mapping entry; a multiline key may not be an implicit key at line 7, column 9:\n    subtitle: \n            ^","name":"YAMLException","stack":"YAMLException: can not read a block mapping entry; a multiline key may not be an implicit key at line 7, column 9:\n    subtitle: \n            ^\n    at generateError (E:\\Research_Projects\\hexo_dailywerk\\node_modules\\hexo\\node_modules\\js-yaml\\lib\\js-yaml\\loader.js:160:10)\n    at throwError (E:\\Research_Projects\\hexo_dailywerk\\node_modules\\hexo\\node_modules\\js-yaml\\lib\\js-yaml\\loader.js:166:9)\n    at readBlockMapping (E:\\Research_Projects\\hexo_dailywerk\\node_modules\\hexo\\node_modules\\js-yaml\\lib\\js-yaml\\loader.js:1027:9)\n    at composeNode (E:\\Research_Projects\\hexo_dailywerk\\node_modules\\hexo\\node_modules\\js-yaml\\lib\\js-yaml\\loader.js:1315:12)\n    at readDocument (E:\\Research_Projects\\hexo_dailywerk\\node_modules\\hexo\\node_modules\\js-yaml\\lib\\js-yaml\\loader.js:1478:3)\n    at loadDocuments (E:\\Research_Projects\\hexo_dailywerk\\node_modules\\hexo\\node_modules\\js-yaml\\lib\\js-yaml\\loader.js:1538:5)\n    at Object.load (E:\\Research_Projects\\hexo_dailywerk\\node_modules\\hexo\\node_modules\\js-yaml\\lib\\js-yaml\\loader.js:1555:19)\n    at Hexo.yamlHelper (E:\\Research_Projects\\hexo_dailywerk\\node_modules\\hexo\\lib\\plugins\\renderer\\yaml.js:7:15)\n    at Hexo.tryCatcher (E:\\Research_Projects\\hexo_dailywerk\\node_modules\\hexo\\node_modules\\bluebird\\js\\main\\util.js:26:23)\n    at Hexo.<anonymous> (E:\\Research_Projects\\hexo_dailywerk\\node_modules\\hexo\\node_modules\\bluebird\\js\\main\\method.js:15:34)\n    at E:\\Research_Projects\\hexo_dailywerk\\node_modules\\hexo\\lib\\hexo\\render.js:51:21\n    at tryCatcher (E:\\Research_Projects\\hexo_dailywerk\\node_modules\\hexo\\node_modules\\bluebird\\js\\main\\util.js:26:23)\n    at Promise._settlePromiseFromHandler (E:\\Research_Projects\\hexo_dailywerk\\node_modules\\hexo\\node_modules\\bluebird\\js\\main\\promise.js:503:31)\n    at Promise._settlePromiseAt (E:\\Research_Projects\\hexo_dailywerk\\node_modules\\hexo\\node_modules\\bluebird\\js\\main\\promise.js:577:18)\n    at Promise._settlePromises (E:\\Research_Projects\\hexo_dailywerk\\node_modules\\hexo\\node_modules\\bluebird\\js\\main\\promise.js:693:14)\n    at Async._drainQueue (E:\\Research_Projects\\hexo_dailywerk\\node_modules\\hexo\\node_modules\\bluebird\\js\\main\\async.js:123:16)\n    at Async._drainQueues (E:\\Research_Projects\\hexo_dailywerk\\node_modules\\hexo\\node_modules\\bluebird\\js\\main\\async.js:133:10)\n    at Immediate.Async.drainQueues [as _onImmediate] (E:\\Research_Projects\\hexo_dailywerk\\node_modules\\hexo\\node_modules\\bluebird\\js\\main\\async.js:15:14)\n    at processImmediate [as _immediateCallback] (timers.js:367:17)"},"msg":"Something's wrong. Maybe you can find the solution here: http://hexo.io/docs/troubleshooting.html","time":"2015-08-24T08:27:50.207Z","v":0}
{"name":"hexo","hostname":"liuhuobing-PC","pid":1040,"level":20,"msg":"Database saved","time":"2015-08-24T08:27:50.213Z","v":0}
{"name":"hexo","hostname":"liuhuobing-PC","pid":2368,"level":20,"msg":"Hexo version: 3.1.1","time":"2015-08-24T08:28:24.706Z","v":0}
{"name":"hexo","hostname":"liuhuobing-PC","pid":2368,"level":20,"msg":"Working directory: E:\\Research_Projects\\hexo_dailywerk\\","time":"2015-08-24T08:28:24.712Z","v":0}
{"name":"hexo","hostname":"liuhuobing-PC","pid":2368,"level":20,"msg":"Config loaded: E:\\Research_Projects\\hexo_dailywerk\\_config.yml","time":"2015-08-24T08:28:24.961Z","v":0}
{"name":"hexo","hostname":"liuhuobing-PC","pid":2368,"level":20,"msg":"Plugin loaded: hexo-generator-archive","time":"2015-08-24T08:28:25.003Z","v":0}
{"name":"hexo","hostname":"liuhuobing-PC","pid":2368,"level":20,"msg":"Plugin loaded: hexo-generator-category","time":"2015-08-24T08:28:25.004Z","v":0}
{"name":"hexo","hostname":"liuhuobing-PC","pid":2368,"level":20,"msg":"Plugin loaded: hexo-generator-index","time":"2015-08-24T08:28:25.004Z","v":0}
{"name":"hexo","hostname":"liuhuobing-PC","pid":2368,"level":20,"msg":"Plugin loaded: hexo-generator-tag","time":"2015-08-24T08:28:25.004Z","v":0}
{"name":"hexo","hostname":"liuhuobing-PC","pid":2368,"level":20,"msg":"Plugin loaded: hexo-renderer-ejs","time":"2015-08-24T08:28:25.509Z","v":0}
{"name":"hexo","hostname":"liuhuobing-PC","pid":2368,"level":20,"msg":"Plugin loaded: hexo-renderer-stylus","time":"2015-08-24T08:28:25.510Z","v":0}
{"name":"hexo","hostname":"liuhuobing-PC","pid":2368,"level":20,"msg":"Plugin loaded: hexo-renderer-marked","time":"2015-08-24T08:28:25.510Z","v":0}
{"name":"hexo","hostname":"liuhuobing-PC","pid":2368,"level":20,"msg":"Plugin loaded: hexo-server","time":"2015-08-24T08:28:25.510Z","v":0}
{"name":"hexo","hostname":"liuhuobing-PC","pid":2368,"level":20,"msg":"Script loaded: themes\\next\\scripts\\merge-configs.js","time":"2015-08-24T08:28:25.511Z","v":0}
{"name":"hexo","hostname":"liuhuobing-PC","pid":2368,"level":20,"msg":"Script loaded: themes\\next\\scripts\\tags\\center-quote.js","time":"2015-08-24T08:28:25.511Z","v":0}
{"name":"hexo","hostname":"liuhuobing-PC","pid":2368,"level":20,"msg":"Script loaded: themes\\next\\scripts\\tags\\full-image.js","time":"2015-08-24T08:28:25.511Z","v":0}
{"name":"hexo","hostname":"liuhuobing-PC","pid":2368,"level":20,"msg":"Loading database.","time":"2015-08-24T08:28:25.522Z","v":0}
{"name":"hexo","hostname":"liuhuobing-PC","pid":2368,"level":20,"msg":"Added: source/_posts/hello-world.md","time":"2015-08-24T08:28:25.555Z","v":0}
{"name":"hexo","hostname":"liuhuobing-PC","pid":2368,"level":20,"msg":"Processed: _posts/hello-world.md","time":"2015-08-24T08:28:25.584Z","v":0}
{"name":"hexo","hostname":"liuhuobing-PC","pid":2368,"level":20,"msg":"Added: themes/next/source/css/_common/_page/home.styl","time":"2015-08-24T08:28:25.676Z","v":0}
{"name":"hexo","hostname":"liuhuobing-PC","pid":2368,"level":20,"msg":"Added: themes/next/source/css/_mixins/Mist.styl","time":"2015-08-24T08:28:25.676Z","v":0}
{"name":"hexo","hostname":"liuhuobing-PC","pid":2368,"level":20,"msg":"Added: themes/next/source/css/_mixins/custom.styl","time":"2015-08-24T08:28:25.676Z","v":0}
{"name":"hexo","hostname":"liuhuobing-PC","pid":2368,"level":20,"msg":"Added: themes/next/source/css/_mixins/default.styl","time":"2015-08-24T08:28:25.677Z","v":0}
{"name":"hexo","hostname":"liuhuobing-PC","pid":2368,"level":20,"msg":"Added: themes/next/source/css/_variables/custom.styl","time":"2015-08-24T08:28:25.677Z","v":0}
{"name":"hexo","hostname":"liuhuobing-PC","pid":2368,"level":20,"msg":"Added: themes/next/source/css/_variables/default.styl","time":"2015-08-24T08:28:25.677Z","v":0}
{"name":"hexo","hostname":"liuhuobing-PC","pid":2368,"level":20,"msg":"Added: themes/next/README.en.md","time":"2015-08-24T08:28:25.689Z","v":0}
{"name":"hexo","hostname":"liuhuobing-PC","pid":2368,"level":20,"msg":"Added: themes/next/README.md","time":"2015-08-24T08:28:25.689Z","v":0}
{"name":"hexo","hostname":"liuhuobing-PC","pid":2368,"level":20,"msg":"Added: themes/next/bower.json","time":"2015-08-24T08:28:25.689Z","v":0}
{"name":"hexo","hostname":"liuhuobing-PC","pid":2368,"level":20,"msg":"Added: themes/next/languages/de.yml","time":"2015-08-24T08:28:25.689Z","v":0}
{"name":"hexo","hostname":"liuhuobing-PC","pid":2368,"level":20,"msg":"Added: themes/next/_config.yml","time":"2015-08-24T08:28:25.689Z","v":0}
{"name":"hexo","hostname":"liuhuobing-PC","pid":2368,"level":20,"msg":"Added: themes/next/languages/default.yml","time":"2015-08-24T08:28:25.689Z","v":0}
{"name":"hexo","hostname":"liuhuobing-PC","pid":2368,"level":20,"msg":"Added: themes/next/languages/en.yml","time":"2015-08-24T08:28:25.690Z","v":0}
{"name":"hexo","hostname":"liuhuobing-PC","pid":2368,"level":20,"msg":"Added: themes/next/languages/fr-FR.yml","time":"2015-08-24T08:28:25.690Z","v":0}
{"name":"hexo","hostname":"liuhuobing-PC","pid":2368,"level":20,"msg":"Added: themes/next/languages/ru.yml","time":"2015-08-24T08:28:25.690Z","v":0}
{"name":"hexo","hostname":"liuhuobing-PC","pid":2368,"level":20,"msg":"Added: themes/next/languages/zh-Hans.yml","time":"2015-08-24T08:28:25.690Z","v":0}
{"name":"hexo","hostname":"liuhuobing-PC","pid":2368,"level":20,"msg":"Added: themes/next/languages/zh-tw.yml","time":"2015-08-24T08:28:25.691Z","v":0}
{"name":"hexo","hostname":"liuhuobing-PC","pid":2368,"level":20,"msg":"Added: themes/next/layout/_layout.swig","time":"2015-08-24T08:28:25.691Z","v":0}
{"name":"hexo","hostname":"liuhuobing-PC","pid":2368,"level":20,"msg":"Added: themes/next/layout/_macro/post-collapse.swig","time":"2015-08-24T08:28:25.692Z","v":0}
{"name":"hexo","hostname":"liuhuobing-PC","pid":2368,"level":20,"msg":"Added: themes/next/layout/_macro/post.swig","time":"2015-08-24T08:28:25.692Z","v":0}
{"name":"hexo","hostname":"liuhuobing-PC","pid":2368,"level":20,"msg":"Added: themes/next/layout/_macro/sidebar.swig","time":"2015-08-24T08:28:25.692Z","v":0}
{"name":"hexo","hostname":"liuhuobing-PC","pid":2368,"level":20,"msg":"Added: themes/next/layout/_partials/footer.swig","time":"2015-08-24T08:28:25.692Z","v":0}
{"name":"hexo","hostname":"liuhuobing-PC","pid":2368,"level":20,"msg":"Added: themes/next/layout/_partials/head.swig","time":"2015-08-24T08:28:25.692Z","v":0}
{"name":"hexo","hostname":"liuhuobing-PC","pid":2368,"level":20,"msg":"Added: themes/next/layout/_partials/header.swig","time":"2015-08-24T08:28:25.692Z","v":0}
{"name":"hexo","hostname":"liuhuobing-PC","pid":2368,"level":20,"msg":"Added: themes/next/layout/_partials/search/swiftype.swig","time":"2015-08-24T08:28:25.693Z","v":0}
{"name":"hexo","hostname":"liuhuobing-PC","pid":2368,"level":20,"msg":"Added: themes/next/languages/zh-hk.yml","time":"2015-08-24T08:28:25.693Z","v":0}
{"name":"hexo","hostname":"liuhuobing-PC","pid":2368,"level":20,"msg":"Added: themes/next/layout/_partials/search/tinysou.swig","time":"2015-08-24T08:28:25.693Z","v":0}
{"name":"hexo","hostname":"liuhuobing-PC","pid":2368,"level":20,"msg":"Added: themes/next/layout/_partials/search.swig","time":"2015-08-24T08:28:25.693Z","v":0}
{"name":"hexo","hostname":"liuhuobing-PC","pid":2368,"level":20,"msg":"Added: themes/next/layout/_partials/share/duoshuo_share.swig","time":"2015-08-24T08:28:25.693Z","v":0}
{"name":"hexo","hostname":"liuhuobing-PC","pid":2368,"level":20,"msg":"Added: themes/next/layout/_partials/share/jiathis.swig","time":"2015-08-24T08:28:25.694Z","v":0}
{"name":"hexo","hostname":"liuhuobing-PC","pid":2368,"level":20,"msg":"Added: themes/next/layout/_scripts/analytics/baidu-analytics.swig","time":"2015-08-24T08:28:25.694Z","v":0}
{"name":"hexo","hostname":"liuhuobing-PC","pid":2368,"level":20,"msg":"Added: themes/next/layout/_scripts/analytics/google-analytics.swig","time":"2015-08-24T08:28:25.694Z","v":0}
{"name":"hexo","hostname":"liuhuobing-PC","pid":2368,"level":20,"msg":"Added: themes/next/layout/_scripts/analytics.swig","time":"2015-08-24T08:28:25.694Z","v":0}
{"name":"hexo","hostname":"liuhuobing-PC","pid":2368,"level":20,"msg":"Added: themes/next/layout/_partials/old-browsers.swig","time":"2015-08-24T08:28:25.694Z","v":0}
{"name":"hexo","hostname":"liuhuobing-PC","pid":2368,"level":20,"msg":"Added: themes/next/layout/_scripts/baidushare.swig","time":"2015-08-24T08:28:25.695Z","v":0}
{"name":"hexo","hostname":"liuhuobing-PC","pid":2368,"level":20,"msg":"Added: themes/next/layout/_scripts/bootstrap.scrollspy.swig","time":"2015-08-24T08:28:25.695Z","v":0}
{"name":"hexo","hostname":"liuhuobing-PC","pid":2368,"level":20,"msg":"Added: themes/next/layout/_scripts/comments/duoshuo.swig","time":"2015-08-24T08:28:25.695Z","v":0}
{"name":"hexo","hostname":"liuhuobing-PC","pid":2368,"level":20,"msg":"Added: themes/next/layout/_scripts/comments/disqus.swig","time":"2015-08-24T08:28:25.695Z","v":0}
{"name":"hexo","hostname":"liuhuobing-PC","pid":2368,"level":20,"msg":"Added: themes/next/layout/_partials/pagination.swig","time":"2015-08-24T08:28:25.695Z","v":0}
{"name":"hexo","hostname":"liuhuobing-PC","pid":2368,"level":20,"msg":"Added: themes/next/layout/_scripts/fancy-box.swig","time":"2015-08-24T08:28:25.695Z","v":0}
{"name":"hexo","hostname":"liuhuobing-PC","pid":2368,"level":20,"msg":"Added: themes/next/layout/_scripts/helpers.swig","time":"2015-08-24T08:28:25.696Z","v":0}
{"name":"hexo","hostname":"liuhuobing-PC","pid":2368,"level":20,"msg":"Added: themes/next/layout/_scripts/mathjax.swig","time":"2015-08-24T08:28:25.696Z","v":0}
{"name":"hexo","hostname":"liuhuobing-PC","pid":2368,"level":20,"msg":"Added: themes/next/layout/_scripts/motion.swig","time":"2015-08-24T08:28:25.696Z","v":0}
{"name":"hexo","hostname":"liuhuobing-PC","pid":2368,"level":20,"msg":"Added: themes/next/layout/archive.swig","time":"2015-08-24T08:28:25.696Z","v":0}
{"name":"hexo","hostname":"liuhuobing-PC","pid":2368,"level":20,"msg":"Added: themes/next/layout/category.swig","time":"2015-08-24T08:28:25.696Z","v":0}
{"name":"hexo","hostname":"liuhuobing-PC","pid":2368,"level":20,"msg":"Added: themes/next/layout/page.swig","time":"2015-08-24T08:28:25.696Z","v":0}
{"name":"hexo","hostname":"liuhuobing-PC","pid":2368,"level":20,"msg":"Added: themes/next/layout/post.swig","time":"2015-08-24T08:28:25.696Z","v":0}
{"name":"hexo","hostname":"liuhuobing-PC","pid":2368,"level":20,"msg":"Added: themes/next/layout/tag.swig","time":"2015-08-24T08:28:25.696Z","v":0}
{"name":"hexo","hostname":"liuhuobing-PC","pid":2368,"level":20,"msg":"Added: themes/next/scripts/merge-configs.js","time":"2015-08-24T08:28:25.697Z","v":0}
{"name":"hexo","hostname":"liuhuobing-PC","pid":2368,"level":20,"msg":"Added: themes/next/layout/_scripts/pages/post-details.swig","time":"2015-08-24T08:28:25.697Z","v":0}
{"name":"hexo","hostname":"liuhuobing-PC","pid":2368,"level":20,"msg":"Added: themes/next/scripts/tags/full-image.js","time":"2015-08-24T08:28:25.697Z","v":0}
{"name":"hexo","hostname":"liuhuobing-PC","pid":2368,"level":20,"msg":"Added: themes/next/source/css/_common/_component/buttons.styl","time":"2015-08-24T08:28:25.697Z","v":0}
{"name":"hexo","hostname":"liuhuobing-PC","pid":2368,"level":20,"msg":"Added: themes/next/source/css/_common/_component/back-to-top.styl","time":"2015-08-24T08:28:25.697Z","v":0}
{"name":"hexo","hostname":"liuhuobing-PC","pid":2368,"level":20,"msg":"Added: themes/next/source/css/_common/_component/comments.styl","time":"2015-08-24T08:28:25.697Z","v":0}
{"name":"hexo","hostname":"liuhuobing-PC","pid":2368,"level":20,"msg":"Added: themes/next/source/css/_common/_component/duoshuo.styl","time":"2015-08-24T08:28:25.698Z","v":0}
{"name":"hexo","hostname":"liuhuobing-PC","pid":2368,"level":20,"msg":"Added: themes/next/scripts/tags/center-quote.js","time":"2015-08-24T08:28:25.698Z","v":0}
{"name":"hexo","hostname":"liuhuobing-PC","pid":2368,"level":20,"msg":"Added: themes/next/source/css/_common/_component/gallery.styl","time":"2015-08-24T08:28:25.698Z","v":0}
{"name":"hexo","hostname":"liuhuobing-PC","pid":2368,"level":20,"msg":"Added: themes/next/source/css/_common/_component/jiathis.styl","time":"2015-08-24T08:28:25.698Z","v":0}
{"name":"hexo","hostname":"liuhuobing-PC","pid":2368,"level":20,"msg":"Added: themes/next/layout/index.swig","time":"2015-08-24T08:28:25.698Z","v":0}
{"name":"hexo","hostname":"liuhuobing-PC","pid":2368,"level":20,"msg":"Added: themes/next/source/css/_common/_component/posts-collapse.styl","time":"2015-08-24T08:28:25.698Z","v":0}
{"name":"hexo","hostname":"liuhuobing-PC","pid":2368,"level":20,"msg":"Added: themes/next/source/css/_common/_component/posts-expand.styl","time":"2015-08-24T08:28:25.699Z","v":0}
{"name":"hexo","hostname":"liuhuobing-PC","pid":2368,"level":20,"msg":"Added: themes/next/source/css/_common/_component/tag-cloud.styl","time":"2015-08-24T08:28:25.699Z","v":0}
{"name":"hexo","hostname":"liuhuobing-PC","pid":2368,"level":20,"msg":"Added: themes/next/source/css/_common/_component/pagination.styl","time":"2015-08-24T08:28:25.699Z","v":0}
{"name":"hexo","hostname":"liuhuobing-PC","pid":2368,"level":20,"msg":"Added: themes/next/source/css/_common/_core/scaffolding.styl","time":"2015-08-24T08:28:25.699Z","v":0}
{"name":"hexo","hostname":"liuhuobing-PC","pid":2368,"level":20,"msg":"Added: themes/next/source/css/_common/_core/tables.styl","time":"2015-08-24T08:28:25.699Z","v":0}
{"name":"hexo","hostname":"liuhuobing-PC","pid":2368,"level":20,"msg":"Added: themes/next/source/css/_common/_fonts/icon-default.styl","time":"2015-08-24T08:28:25.699Z","v":0}
{"name":"hexo","hostname":"liuhuobing-PC","pid":2368,"level":20,"msg":"Added: themes/next/source/css/_common/_core/helpers.styl","time":"2015-08-24T08:28:25.699Z","v":0}
{"name":"hexo","hostname":"liuhuobing-PC","pid":2368,"level":20,"msg":"Added: themes/next/source/css/_common/_fonts/icon-feather.styl","time":"2015-08-24T08:28:25.700Z","v":0}
{"name":"hexo","hostname":"liuhuobing-PC","pid":2368,"level":20,"msg":"Added: themes/next/source/css/_common/_fonts/icon-fifty-shades.styl","time":"2015-08-24T08:28:25.700Z","v":0}
{"name":"hexo","hostname":"liuhuobing-PC","pid":2368,"level":20,"msg":"Added: themes/next/source/css/_common/_core/base.styl","time":"2015-08-24T08:28:25.700Z","v":0}
{"name":"hexo","hostname":"liuhuobing-PC","pid":2368,"level":20,"msg":"Added: themes/next/source/css/_common/_fonts/icon-linecons.styl","time":"2015-08-24T08:28:25.700Z","v":0}
{"name":"hexo","hostname":"liuhuobing-PC","pid":2368,"level":20,"msg":"Added: themes/next/source/css/_common/_page/archive.styl","time":"2015-08-24T08:28:25.700Z","v":0}
{"name":"hexo","hostname":"liuhuobing-PC","pid":2368,"level":20,"msg":"Added: themes/next/source/css/_common/_page/categories.styl","time":"2015-08-24T08:28:25.700Z","v":0}
{"name":"hexo","hostname":"liuhuobing-PC","pid":2368,"level":20,"msg":"Added: themes/next/source/css/_common/_fonts/icon-font.styl","time":"2015-08-24T08:28:25.700Z","v":0}
{"name":"hexo","hostname":"liuhuobing-PC","pid":2368,"level":20,"msg":"Added: themes/next/source/css/_common/_page/post-detail.styl","time":"2015-08-24T08:28:25.700Z","v":0}
{"name":"hexo","hostname":"liuhuobing-PC","pid":2368,"level":20,"msg":"Added: themes/next/source/css/_common/_section/footer.styl","time":"2015-08-24T08:28:25.701Z","v":0}
{"name":"hexo","hostname":"liuhuobing-PC","pid":2368,"level":20,"msg":"Added: themes/next/source/css/_common/_section/body.styl","time":"2015-08-24T08:28:25.701Z","v":0}
{"name":"hexo","hostname":"liuhuobing-PC","pid":2368,"level":20,"msg":"Added: themes/next/source/css/_common/_section/layout.styl","time":"2015-08-24T08:28:25.749Z","v":0}
{"name":"hexo","hostname":"liuhuobing-PC","pid":2368,"level":20,"msg":"Added: themes/next/source/css/_common/_section/media.styl","time":"2015-08-24T08:28:25.750Z","v":0}
{"name":"hexo","hostname":"liuhuobing-PC","pid":2368,"level":20,"msg":"Added: themes/next/source/css/_common/_section/sidebar.styl","time":"2015-08-24T08:28:25.750Z","v":0}
{"name":"hexo","hostname":"liuhuobing-PC","pid":2368,"level":20,"msg":"Added: themes/next/source/css/_common/_vendor/highlight/highlight.styl","time":"2015-08-24T08:28:25.750Z","v":0}
{"name":"hexo","hostname":"liuhuobing-PC","pid":2368,"level":20,"msg":"Added: themes/next/source/css/_common/_section/header.styl","time":"2015-08-24T08:28:25.750Z","v":0}
{"name":"hexo","hostname":"liuhuobing-PC","pid":2368,"level":20,"msg":"Added: themes/next/source/css/_common/_vendor/highlight/theme.styl","time":"2015-08-24T08:28:25.751Z","v":0}
{"name":"hexo","hostname":"liuhuobing-PC","pid":2368,"level":20,"msg":"Added: themes/next/source/css/_mixins/base.styl","time":"2015-08-24T08:28:25.751Z","v":0}
{"name":"hexo","hostname":"liuhuobing-PC","pid":2368,"level":20,"msg":"Added: themes/next/source/css/_schemes/Mist/index.styl","time":"2015-08-24T08:28:25.751Z","v":0}
{"name":"hexo","hostname":"liuhuobing-PC","pid":2368,"level":20,"msg":"Added: themes/next/source/css/_common/_core/normalize.styl","time":"2015-08-24T08:28:25.751Z","v":0}
{"name":"hexo","hostname":"liuhuobing-PC","pid":2368,"level":20,"msg":"Added: themes/next/source/css/_schemes/default/_search.styl","time":"2015-08-24T08:28:25.751Z","v":0}
{"name":"hexo","hostname":"liuhuobing-PC","pid":2368,"level":20,"msg":"Added: themes/next/source/css/_schemes/default/_menu.styl","time":"2015-08-24T08:28:25.751Z","v":0}
{"name":"hexo","hostname":"liuhuobing-PC","pid":2368,"level":20,"msg":"Added: themes/next/source/css/_schemes/default/index.styl","time":"2015-08-24T08:28:25.751Z","v":0}
{"name":"hexo","hostname":"liuhuobing-PC","pid":2368,"level":20,"msg":"Added: themes/next/source/css/_variables/Mist.styl","time":"2015-08-24T08:28:25.751Z","v":0}
{"name":"hexo","hostname":"liuhuobing-PC","pid":2368,"level":20,"msg":"Added: themes/next/source/css/_common/_component/posts-type.styl","time":"2015-08-24T08:28:25.752Z","v":0}
{"name":"hexo","hostname":"liuhuobing-PC","pid":2368,"level":20,"msg":"Added: themes/next/source/css/_custom/custom.styl","time":"2015-08-24T08:28:25.752Z","v":0}
{"name":"hexo","hostname":"liuhuobing-PC","pid":2368,"level":20,"msg":"Added: themes/next/source/css/_variables/base.styl","time":"2015-08-24T08:28:25.752Z","v":0}
{"name":"hexo","hostname":"liuhuobing-PC","pid":2368,"level":20,"msg":"Added: themes/next/source/css/main.styl","time":"2015-08-24T08:28:25.752Z","v":0}
{"name":"hexo","hostname":"liuhuobing-PC","pid":2368,"level":20,"msg":"Added: themes/next/source/fonts/icon-default/icomoon.eot","time":"2015-08-24T08:28:25.752Z","v":0}
{"name":"hexo","hostname":"liuhuobing-PC","pid":2368,"level":20,"msg":"Added: themes/next/source/fonts/icon-default/icomoon.svg","time":"2015-08-24T08:28:25.752Z","v":0}
{"name":"hexo","hostname":"liuhuobing-PC","pid":2368,"level":20,"msg":"Added: themes/next/source/fonts/icon-default/icomoon.ttf","time":"2015-08-24T08:28:25.752Z","v":0}
{"name":"hexo","hostname":"liuhuobing-PC","pid":2368,"level":20,"msg":"Added: themes/next/source/fonts/icon-default/icomoon.woff","time":"2015-08-24T08:28:25.752Z","v":0}
{"name":"hexo","hostname":"liuhuobing-PC","pid":2368,"level":20,"msg":"Added: themes/next/source/fonts/icon-feather/icomoon.ttf","time":"2015-08-24T08:28:25.753Z","v":0}
{"name":"hexo","hostname":"liuhuobing-PC","pid":2368,"level":20,"msg":"Added: themes/next/source/fonts/icon-feather/icomoon.svg","time":"2015-08-24T08:28:25.753Z","v":0}
{"name":"hexo","hostname":"liuhuobing-PC","pid":2368,"level":20,"msg":"Added: themes/next/source/fonts/icon-feather/icomoon.woff","time":"2015-08-24T08:28:25.753Z","v":0}
{"name":"hexo","hostname":"liuhuobing-PC","pid":2368,"level":20,"msg":"Added: themes/next/source/fonts/icon-default/selection.json","time":"2015-08-24T08:28:25.753Z","v":0}
{"name":"hexo","hostname":"liuhuobing-PC","pid":2368,"level":20,"msg":"Added: themes/next/source/fonts/icon-feather/selection.json","time":"2015-08-24T08:28:25.753Z","v":0}
{"name":"hexo","hostname":"liuhuobing-PC","pid":2368,"level":20,"msg":"Added: themes/next/source/fonts/icon-fifty-shades/icomoon.eot","time":"2015-08-24T08:28:25.753Z","v":0}
{"name":"hexo","hostname":"liuhuobing-PC","pid":2368,"level":20,"msg":"Added: themes/next/source/fonts/icon-fifty-shades/icomoon.svg","time":"2015-08-24T08:28:25.753Z","v":0}
{"name":"hexo","hostname":"liuhuobing-PC","pid":2368,"level":20,"msg":"Added: themes/next/source/fonts/icon-fifty-shades/icomoon.ttf","time":"2015-08-24T08:28:25.753Z","v":0}
{"name":"hexo","hostname":"liuhuobing-PC","pid":2368,"level":20,"msg":"Added: themes/next/source/fonts/icon-fifty-shades/icomoon.woff","time":"2015-08-24T08:28:25.754Z","v":0}
{"name":"hexo","hostname":"liuhuobing-PC","pid":2368,"level":20,"msg":"Added: themes/next/source/fonts/icon-feather/icomoon.eot","time":"2015-08-24T08:28:25.754Z","v":0}
{"name":"hexo","hostname":"liuhuobing-PC","pid":2368,"level":20,"msg":"Added: themes/next/source/fonts/icon-fifty-shades/selection.json","time":"2015-08-24T08:28:25.754Z","v":0}
{"name":"hexo","hostname":"liuhuobing-PC","pid":2368,"level":20,"msg":"Added: themes/next/source/fonts/icon-icomoon/icomoon.eot","time":"2015-08-24T08:28:25.754Z","v":0}
{"name":"hexo","hostname":"liuhuobing-PC","pid":2368,"level":20,"msg":"Added: themes/next/source/fonts/icon-icomoon/icomoon.ttf","time":"2015-08-24T08:28:25.755Z","v":0}
{"name":"hexo","hostname":"liuhuobing-PC","pid":2368,"level":20,"msg":"Added: themes/next/source/fonts/icon-icomoon/icomoon.svg","time":"2015-08-24T08:28:25.757Z","v":0}
{"name":"hexo","hostname":"liuhuobing-PC","pid":2368,"level":20,"msg":"Added: themes/next/source/fonts/icon-icomoon/icomoon.woff","time":"2015-08-24T08:28:25.757Z","v":0}
{"name":"hexo","hostname":"liuhuobing-PC","pid":2368,"level":20,"msg":"Added: themes/next/source/fonts/icon-linecons/icomoon.eot","time":"2015-08-24T08:28:25.757Z","v":0}
{"name":"hexo","hostname":"liuhuobing-PC","pid":2368,"level":20,"msg":"Added: themes/next/source/fonts/icon-linecons/icomoon.svg","time":"2015-08-24T08:28:25.758Z","v":0}
{"name":"hexo","hostname":"liuhuobing-PC","pid":2368,"level":20,"msg":"Added: themes/next/source/fonts/icon-linecons/selection.json","time":"2015-08-24T08:28:25.759Z","v":0}
{"name":"hexo","hostname":"liuhuobing-PC","pid":2368,"level":20,"msg":"Added: themes/next/source/images/bkdefault_avatar.jpg","time":"2015-08-24T08:28:25.759Z","v":0}
{"name":"hexo","hostname":"liuhuobing-PC","pid":2368,"level":20,"msg":"Added: themes/next/source/images/cc-by-nc-nd.svg","time":"2015-08-24T08:28:25.760Z","v":0}
{"name":"hexo","hostname":"liuhuobing-PC","pid":2368,"level":20,"msg":"Added: themes/next/source/images/cc-by-nc-sa.svg","time":"2015-08-24T08:28:25.760Z","v":0}
{"name":"hexo","hostname":"liuhuobing-PC","pid":2368,"level":20,"msg":"Added: themes/next/source/fonts/icon-linecons/icomoon.ttf","time":"2015-08-24T08:28:25.760Z","v":0}
{"name":"hexo","hostname":"liuhuobing-PC","pid":2368,"level":20,"msg":"Added: themes/next/source/images/cc-by-nd.svg","time":"2015-08-24T08:28:25.760Z","v":0}
{"name":"hexo","hostname":"liuhuobing-PC","pid":2368,"level":20,"msg":"Added: themes/next/source/images/cc-by-sa.svg","time":"2015-08-24T08:28:25.760Z","v":0}
{"name":"hexo","hostname":"liuhuobing-PC","pid":2368,"level":20,"msg":"Added: themes/next/source/images/cc-by-nc.svg","time":"2015-08-24T08:28:25.761Z","v":0}
{"name":"hexo","hostname":"liuhuobing-PC","pid":2368,"level":20,"msg":"Added: themes/next/source/images/cc-by.svg","time":"2015-08-24T08:28:25.761Z","v":0}
{"name":"hexo","hostname":"liuhuobing-PC","pid":2368,"level":20,"msg":"Added: themes/next/source/fonts/icon-linecons/icomoon.woff","time":"2015-08-24T08:28:25.761Z","v":0}
{"name":"hexo","hostname":"liuhuobing-PC","pid":2368,"level":20,"msg":"Added: themes/next/source/images/cc-zero.svg","time":"2015-08-24T08:28:25.761Z","v":0}
{"name":"hexo","hostname":"liuhuobing-PC","pid":2368,"level":20,"msg":"Added: themes/next/source/images/loading.gif","time":"2015-08-24T08:28:25.761Z","v":0}
{"name":"hexo","hostname":"liuhuobing-PC","pid":2368,"level":20,"msg":"Added: themes/next/source/images/placeholder.gif","time":"2015-08-24T08:28:25.762Z","v":0}
{"name":"hexo","hostname":"liuhuobing-PC","pid":2368,"level":20,"msg":"Added: themes/next/source/js/helpers.js","time":"2015-08-24T08:28:25.762Z","v":0}
{"name":"hexo","hostname":"liuhuobing-PC","pid":2368,"level":20,"msg":"Added: themes/next/source/js/fancy-box.js","time":"2015-08-24T08:28:25.762Z","v":0}
{"name":"hexo","hostname":"liuhuobing-PC","pid":2368,"level":20,"msg":"Added: themes/next/source/js/hook-duoshuo.js","time":"2015-08-24T08:28:25.762Z","v":0}
{"name":"hexo","hostname":"liuhuobing-PC","pid":2368,"level":20,"msg":"Added: themes/next/source/js/lazyload.js","time":"2015-08-24T08:28:25.763Z","v":0}
{"name":"hexo","hostname":"liuhuobing-PC","pid":2368,"level":20,"msg":"Added: themes/next/source/js/motion_fallback.js","time":"2015-08-24T08:28:25.763Z","v":0}
{"name":"hexo","hostname":"liuhuobing-PC","pid":2368,"level":20,"msg":"Added: themes/next/source/js/motion_global.js","time":"2015-08-24T08:28:25.763Z","v":0}
{"name":"hexo","hostname":"liuhuobing-PC","pid":2368,"level":20,"msg":"Added: themes/next/source/js/nav-toggle.js","time":"2015-08-24T08:28:25.763Z","v":0}
{"name":"hexo","hostname":"liuhuobing-PC","pid":2368,"level":20,"msg":"Added: themes/next/source/js/ua-parser.min.js","time":"2015-08-24T08:28:25.763Z","v":0}
{"name":"hexo","hostname":"liuhuobing-PC","pid":2368,"level":20,"msg":"Added: themes/next/source/vendors/fancybox/source/blank.gif","time":"2015-08-24T08:28:25.763Z","v":0}
{"name":"hexo","hostname":"liuhuobing-PC","pid":2368,"level":20,"msg":"Added: themes/next/source/vendors/fancybox/source/fancybox_overlay.png","time":"2015-08-24T08:28:25.764Z","v":0}
{"name":"hexo","hostname":"liuhuobing-PC","pid":2368,"level":20,"msg":"Added: themes/next/source/vendors/fancybox/source/fancybox_loading.gif","time":"2015-08-24T08:28:25.764Z","v":0}
{"name":"hexo","hostname":"liuhuobing-PC","pid":2368,"level":20,"msg":"Added: themes/next/source/vendors/fancybox/source/fancybox_sprite.png","time":"2015-08-24T08:28:25.764Z","v":0}
{"name":"hexo","hostname":"liuhuobing-PC","pid":2368,"level":20,"msg":"Added: themes/next/source/vendors/fancybox/source/fancybox_sprite@2x.png","time":"2015-08-24T08:28:25.764Z","v":0}
{"name":"hexo","hostname":"liuhuobing-PC","pid":2368,"level":20,"msg":"Added: themes/next/source/images/searchicon.png","time":"2015-08-24T08:28:25.764Z","v":0}
{"name":"hexo","hostname":"liuhuobing-PC","pid":2368,"level":20,"msg":"Added: themes/next/source/vendors/fancybox/source/helpers/jquery.fancybox-buttons.css","time":"2015-08-24T08:28:25.764Z","v":0}
{"name":"hexo","hostname":"liuhuobing-PC","pid":2368,"level":20,"msg":"Added: themes/next/source/vendors/fancybox/source/helpers/fancybox_buttons.png","time":"2015-08-24T08:28:25.764Z","v":0}
{"name":"hexo","hostname":"liuhuobing-PC","pid":2368,"level":20,"msg":"Added: themes/next/source/js/bootstrap.scrollspy.js","time":"2015-08-24T08:28:25.764Z","v":0}
{"name":"hexo","hostname":"liuhuobing-PC","pid":2368,"level":20,"msg":"Added: themes/next/source/vendors/fancybox/source/helpers/jquery.fancybox-media.js","time":"2015-08-24T08:28:25.765Z","v":0}
{"name":"hexo","hostname":"liuhuobing-PC","pid":2368,"level":20,"msg":"Added: themes/next/source/vendors/fancybox/source/fancybox_loading@2x.gif","time":"2015-08-24T08:28:25.765Z","v":0}
{"name":"hexo","hostname":"liuhuobing-PC","pid":2368,"level":20,"msg":"Added: themes/next/source/vendors/fancybox/source/helpers/jquery.fancybox-thumbs.css","time":"2015-08-24T08:28:25.765Z","v":0}
{"name":"hexo","hostname":"liuhuobing-PC","pid":2368,"level":20,"msg":"Added: themes/next/source/vendors/fancybox/source/helpers/jquery.fancybox-thumbs.js","time":"2015-08-24T08:28:25.765Z","v":0}
{"name":"hexo","hostname":"liuhuobing-PC","pid":2368,"level":20,"msg":"Added: themes/next/source/vendors/fancybox/source/jquery.fancybox.css","time":"2015-08-24T08:28:25.765Z","v":0}
{"name":"hexo","hostname":"liuhuobing-PC","pid":2368,"level":20,"msg":"Added: themes/next/source/vendors/fancybox/source/helpers/jquery.fancybox-buttons.js","time":"2015-08-24T08:28:25.765Z","v":0}
{"name":"hexo","hostname":"liuhuobing-PC","pid":2368,"level":20,"msg":"Added: themes/next/source/vendors/fancybox/source/jquery.fancybox.pack.js","time":"2015-08-24T08:28:25.766Z","v":0}
{"name":"hexo","hostname":"liuhuobing-PC","pid":2368,"level":20,"msg":"Added: themes/next/source/vendors/fastclick/LICENSE","time":"2015-08-24T08:28:25.766Z","v":0}
{"name":"hexo","hostname":"liuhuobing-PC","pid":2368,"level":20,"msg":"Added: themes/next/source/vendors/fancybox/source/jquery.fancybox.js","time":"2015-08-24T08:28:25.766Z","v":0}
{"name":"hexo","hostname":"liuhuobing-PC","pid":2368,"level":20,"msg":"Added: themes/next/source/vendors/fastclick/README.md","time":"2015-08-24T08:28:25.766Z","v":0}
{"name":"hexo","hostname":"liuhuobing-PC","pid":2368,"level":20,"msg":"Added: themes/next/source/vendors/fastclick/bower.json","time":"2015-08-24T08:28:25.766Z","v":0}
{"name":"hexo","hostname":"liuhuobing-PC","pid":2368,"level":20,"msg":"Added: themes/next/source/vendors/fastclick/lib/fastclick.js","time":"2015-08-24T08:28:25.766Z","v":0}
{"name":"hexo","hostname":"liuhuobing-PC","pid":2368,"level":20,"msg":"Added: themes/next/source/vendors/fastclick/lib/fastclick.min.js","time":"2015-08-24T08:28:25.766Z","v":0}
{"name":"hexo","hostname":"liuhuobing-PC","pid":2368,"level":20,"msg":"Added: themes/next/source/vendors/velocity/bower.json","time":"2015-08-24T08:28:25.766Z","v":0}
{"name":"hexo","hostname":"liuhuobing-PC","pid":2368,"level":20,"msg":"Added: themes/next/source/vendors/velocity/velocity.min.js","time":"2015-08-24T08:28:25.767Z","v":0}
{"name":"hexo","hostname":"liuhuobing-PC","pid":2368,"level":20,"msg":"Added: themes/next/source/vendors/velocity/velocity.ui.js","time":"2015-08-24T08:28:25.767Z","v":0}
{"name":"hexo","hostname":"liuhuobing-PC","pid":2368,"level":20,"msg":"Added: themes/next/source/vendors/velocity/velocity.ui.min.js","time":"2015-08-24T08:28:25.767Z","v":0}
{"name":"hexo","hostname":"liuhuobing-PC","pid":2368,"level":20,"msg":"Added: themes/next/test/helpers.js","time":"2015-08-24T08:28:25.767Z","v":0}
{"name":"hexo","hostname":"liuhuobing-PC","pid":2368,"level":20,"msg":"Added: themes/next/test/intern.js","time":"2015-08-24T08:28:25.767Z","v":0}
{"name":"hexo","hostname":"liuhuobing-PC","pid":2368,"level":20,"msg":"Added: themes/next/source/vendors/jquery/index.js","time":"2015-08-24T08:28:25.785Z","v":0}
{"name":"hexo","hostname":"liuhuobing-PC","pid":2368,"level":20,"msg":"Added: themes/next/source/vendors/velocity/velocity.js","time":"2015-08-24T08:28:25.787Z","v":0}
{"name":"hexo","hostname":"liuhuobing-PC","pid":2368,"level":20,"msg":"Processed: source/vendors/velocity/velocity.ui.min.js","time":"2015-08-24T08:28:25.789Z","v":0}
{"name":"hexo","hostname":"liuhuobing-PC","pid":2368,"level":20,"msg":"Processed: source/vendors/velocity/velocity.ui.js","time":"2015-08-24T08:28:25.790Z","v":0}
{"name":"hexo","hostname":"liuhuobing-PC","pid":2368,"level":20,"msg":"Processed: source/vendors/velocity/velocity.min.js","time":"2015-08-24T08:28:25.790Z","v":0}
{"name":"hexo","hostname":"liuhuobing-PC","pid":2368,"level":20,"msg":"Processed: source/vendors/velocity/velocity.js","time":"2015-08-24T08:28:25.791Z","v":0}
{"name":"hexo","hostname":"liuhuobing-PC","pid":2368,"level":20,"msg":"Processed: source/vendors/velocity/bower.json","time":"2015-08-24T08:28:25.791Z","v":0}
{"name":"hexo","hostname":"liuhuobing-PC","pid":2368,"level":20,"msg":"Processed: source/vendors/jquery/index.js","time":"2015-08-24T08:28:25.792Z","v":0}
{"name":"hexo","hostname":"liuhuobing-PC","pid":2368,"level":20,"msg":"Processed: source/vendors/fastclick/lib/fastclick.min.js","time":"2015-08-24T08:28:25.792Z","v":0}
{"name":"hexo","hostname":"liuhuobing-PC","pid":2368,"level":20,"msg":"Processed: source/vendors/fastclick/lib/fastclick.js","time":"2015-08-24T08:28:25.792Z","v":0}
{"name":"hexo","hostname":"liuhuobing-PC","pid":2368,"level":20,"msg":"Processed: source/vendors/fastclick/bower.json","time":"2015-08-24T08:28:25.793Z","v":0}
{"name":"hexo","hostname":"liuhuobing-PC","pid":2368,"level":20,"msg":"Processed: source/vendors/fastclick/README.md","time":"2015-08-24T08:28:25.793Z","v":0}
{"name":"hexo","hostname":"liuhuobing-PC","pid":2368,"level":20,"msg":"Processed: source/vendors/fastclick/LICENSE","time":"2015-08-24T08:28:25.794Z","v":0}
{"name":"hexo","hostname":"liuhuobing-PC","pid":2368,"level":20,"msg":"Processed: source/vendors/fancybox/source/jquery.fancybox.pack.js","time":"2015-08-24T08:28:25.794Z","v":0}
{"name":"hexo","hostname":"liuhuobing-PC","pid":2368,"level":20,"msg":"Processed: source/vendors/fancybox/source/jquery.fancybox.js","time":"2015-08-24T08:28:25.794Z","v":0}
{"name":"hexo","hostname":"liuhuobing-PC","pid":2368,"level":20,"msg":"Processed: source/vendors/fancybox/source/jquery.fancybox.css","time":"2015-08-24T08:28:25.794Z","v":0}
{"name":"hexo","hostname":"liuhuobing-PC","pid":2368,"level":20,"msg":"Processed: source/vendors/fancybox/source/helpers/jquery.fancybox-thumbs.js","time":"2015-08-24T08:28:25.795Z","v":0}
{"name":"hexo","hostname":"liuhuobing-PC","pid":2368,"level":20,"msg":"Processed: source/vendors/fancybox/source/helpers/jquery.fancybox-thumbs.css","time":"2015-08-24T08:28:25.795Z","v":0}
{"name":"hexo","hostname":"liuhuobing-PC","pid":2368,"level":20,"msg":"Processed: source/vendors/fancybox/source/helpers/jquery.fancybox-media.js","time":"2015-08-24T08:28:25.795Z","v":0}
{"name":"hexo","hostname":"liuhuobing-PC","pid":2368,"level":20,"msg":"Processed: source/vendors/fancybox/source/helpers/jquery.fancybox-buttons.js","time":"2015-08-24T08:28:25.796Z","v":0}
{"name":"hexo","hostname":"liuhuobing-PC","pid":2368,"level":20,"msg":"Processed: source/vendors/fancybox/source/helpers/jquery.fancybox-buttons.css","time":"2015-08-24T08:28:25.796Z","v":0}
{"name":"hexo","hostname":"liuhuobing-PC","pid":2368,"level":20,"msg":"Processed: source/vendors/fancybox/source/helpers/fancybox_buttons.png","time":"2015-08-24T08:28:25.796Z","v":0}
{"name":"hexo","hostname":"liuhuobing-PC","pid":2368,"level":20,"msg":"Processed: source/vendors/fancybox/source/fancybox_sprite@2x.png","time":"2015-08-24T08:28:25.796Z","v":0}
{"name":"hexo","hostname":"liuhuobing-PC","pid":2368,"level":20,"msg":"Processed: source/vendors/fancybox/source/fancybox_sprite.png","time":"2015-08-24T08:28:25.797Z","v":0}
{"name":"hexo","hostname":"liuhuobing-PC","pid":2368,"level":20,"msg":"Processed: source/vendors/fancybox/source/fancybox_overlay.png","time":"2015-08-24T08:28:25.797Z","v":0}
{"name":"hexo","hostname":"liuhuobing-PC","pid":2368,"level":20,"msg":"Processed: source/vendors/fancybox/source/fancybox_loading@2x.gif","time":"2015-08-24T08:28:25.797Z","v":0}
{"name":"hexo","hostname":"liuhuobing-PC","pid":2368,"level":20,"msg":"Processed: source/vendors/fancybox/source/fancybox_loading.gif","time":"2015-08-24T08:28:25.798Z","v":0}
{"name":"hexo","hostname":"liuhuobing-PC","pid":2368,"level":20,"msg":"Processed: source/vendors/fancybox/source/blank.gif","time":"2015-08-24T08:28:25.798Z","v":0}
{"name":"hexo","hostname":"liuhuobing-PC","pid":2368,"level":20,"msg":"Processed: source/js/ua-parser.min.js","time":"2015-08-24T08:28:25.798Z","v":0}
{"name":"hexo","hostname":"liuhuobing-PC","pid":2368,"level":20,"msg":"Processed: source/js/nav-toggle.js","time":"2015-08-24T08:28:25.798Z","v":0}
{"name":"hexo","hostname":"liuhuobing-PC","pid":2368,"level":20,"msg":"Processed: source/js/motion_global.js","time":"2015-08-24T08:28:25.799Z","v":0}
{"name":"hexo","hostname":"liuhuobing-PC","pid":2368,"level":20,"msg":"Processed: source/js/motion_fallback.js","time":"2015-08-24T08:28:25.799Z","v":0}
{"name":"hexo","hostname":"liuhuobing-PC","pid":2368,"level":20,"msg":"Processed: source/js/lazyload.js","time":"2015-08-24T08:28:25.800Z","v":0}
{"name":"hexo","hostname":"liuhuobing-PC","pid":2368,"level":20,"msg":"Processed: source/js/hook-duoshuo.js","time":"2015-08-24T08:28:25.800Z","v":0}
{"name":"hexo","hostname":"liuhuobing-PC","pid":2368,"level":20,"msg":"Processed: source/js/helpers.js","time":"2015-08-24T08:28:25.801Z","v":0}
{"name":"hexo","hostname":"liuhuobing-PC","pid":2368,"level":20,"msg":"Processed: source/js/fancy-box.js","time":"2015-08-24T08:28:25.801Z","v":0}
{"name":"hexo","hostname":"liuhuobing-PC","pid":2368,"level":20,"msg":"Processed: source/js/bootstrap.scrollspy.js","time":"2015-08-24T08:28:25.801Z","v":0}
{"name":"hexo","hostname":"liuhuobing-PC","pid":2368,"level":20,"msg":"Processed: source/images/searchicon.png","time":"2015-08-24T08:28:25.801Z","v":0}
{"name":"hexo","hostname":"liuhuobing-PC","pid":2368,"level":20,"msg":"Processed: source/images/placeholder.gif","time":"2015-08-24T08:28:25.802Z","v":0}
{"name":"hexo","hostname":"liuhuobing-PC","pid":2368,"level":20,"msg":"Processed: source/images/loading.gif","time":"2015-08-24T08:28:25.802Z","v":0}
{"name":"hexo","hostname":"liuhuobing-PC","pid":2368,"level":20,"msg":"Processed: source/images/cc-zero.svg","time":"2015-08-24T08:28:25.802Z","v":0}
{"name":"hexo","hostname":"liuhuobing-PC","pid":2368,"level":20,"msg":"Processed: source/images/cc-by.svg","time":"2015-08-24T08:28:25.802Z","v":0}
{"name":"hexo","hostname":"liuhuobing-PC","pid":2368,"level":20,"msg":"Processed: source/images/cc-by-sa.svg","time":"2015-08-24T08:28:25.803Z","v":0}
{"name":"hexo","hostname":"liuhuobing-PC","pid":2368,"level":20,"msg":"Processed: source/images/cc-by-nd.svg","time":"2015-08-24T08:28:25.803Z","v":0}
{"name":"hexo","hostname":"liuhuobing-PC","pid":2368,"level":20,"msg":"Processed: source/images/cc-by-nc.svg","time":"2015-08-24T08:28:25.803Z","v":0}
{"name":"hexo","hostname":"liuhuobing-PC","pid":2368,"level":20,"msg":"Processed: source/images/cc-by-nc-sa.svg","time":"2015-08-24T08:28:25.803Z","v":0}
{"name":"hexo","hostname":"liuhuobing-PC","pid":2368,"level":20,"msg":"Processed: source/images/cc-by-nc-nd.svg","time":"2015-08-24T08:28:25.804Z","v":0}
{"name":"hexo","hostname":"liuhuobing-PC","pid":2368,"level":20,"msg":"Processed: source/images/bkdefault_avatar.jpg","time":"2015-08-24T08:28:25.804Z","v":0}
{"name":"hexo","hostname":"liuhuobing-PC","pid":2368,"level":20,"msg":"Processed: source/fonts/icon-linecons/selection.json","time":"2015-08-24T08:28:25.804Z","v":0}
{"name":"hexo","hostname":"liuhuobing-PC","pid":2368,"level":20,"msg":"Processed: source/fonts/icon-linecons/icomoon.woff","time":"2015-08-24T08:28:25.805Z","v":0}
{"name":"hexo","hostname":"liuhuobing-PC","pid":2368,"level":20,"msg":"Processed: source/fonts/icon-linecons/icomoon.ttf","time":"2015-08-24T08:28:25.805Z","v":0}
{"name":"hexo","hostname":"liuhuobing-PC","pid":2368,"level":20,"msg":"Processed: source/fonts/icon-linecons/icomoon.svg","time":"2015-08-24T08:28:25.805Z","v":0}
{"name":"hexo","hostname":"liuhuobing-PC","pid":2368,"level":20,"msg":"Processed: source/fonts/icon-linecons/icomoon.eot","time":"2015-08-24T08:28:25.805Z","v":0}
{"name":"hexo","hostname":"liuhuobing-PC","pid":2368,"level":20,"msg":"Processed: source/fonts/icon-icomoon/icomoon.woff","time":"2015-08-24T08:28:25.806Z","v":0}
{"name":"hexo","hostname":"liuhuobing-PC","pid":2368,"level":20,"msg":"Processed: source/fonts/icon-icomoon/icomoon.ttf","time":"2015-08-24T08:28:25.806Z","v":0}
{"name":"hexo","hostname":"liuhuobing-PC","pid":2368,"level":20,"msg":"Processed: source/fonts/icon-icomoon/icomoon.svg","time":"2015-08-24T08:28:25.807Z","v":0}
{"name":"hexo","hostname":"liuhuobing-PC","pid":2368,"level":20,"msg":"Processed: source/fonts/icon-icomoon/icomoon.eot","time":"2015-08-24T08:28:25.807Z","v":0}
{"name":"hexo","hostname":"liuhuobing-PC","pid":2368,"level":20,"msg":"Processed: source/fonts/icon-fifty-shades/selection.json","time":"2015-08-24T08:28:25.807Z","v":0}
{"name":"hexo","hostname":"liuhuobing-PC","pid":2368,"level":20,"msg":"Processed: source/fonts/icon-fifty-shades/icomoon.woff","time":"2015-08-24T08:28:25.807Z","v":0}
{"name":"hexo","hostname":"liuhuobing-PC","pid":2368,"level":20,"msg":"Processed: source/fonts/icon-fifty-shades/icomoon.ttf","time":"2015-08-24T08:28:25.808Z","v":0}
{"name":"hexo","hostname":"liuhuobing-PC","pid":2368,"level":20,"msg":"Processed: source/fonts/icon-fifty-shades/icomoon.svg","time":"2015-08-24T08:28:25.808Z","v":0}
{"name":"hexo","hostname":"liuhuobing-PC","pid":2368,"level":20,"msg":"Processed: source/fonts/icon-fifty-shades/icomoon.eot","time":"2015-08-24T08:28:25.808Z","v":0}
{"name":"hexo","hostname":"liuhuobing-PC","pid":2368,"level":20,"msg":"Processed: source/fonts/icon-feather/selection.json","time":"2015-08-24T08:28:25.808Z","v":0}
{"name":"hexo","hostname":"liuhuobing-PC","pid":2368,"level":20,"msg":"Processed: source/fonts/icon-feather/icomoon.woff","time":"2015-08-24T08:28:25.809Z","v":0}
{"name":"hexo","hostname":"liuhuobing-PC","pid":2368,"level":20,"msg":"Processed: source/fonts/icon-feather/icomoon.ttf","time":"2015-08-24T08:28:25.809Z","v":0}
{"name":"hexo","hostname":"liuhuobing-PC","pid":2368,"level":20,"msg":"Processed: source/fonts/icon-feather/icomoon.svg","time":"2015-08-24T08:28:25.810Z","v":0}
{"name":"hexo","hostname":"liuhuobing-PC","pid":2368,"level":20,"msg":"Processed: source/fonts/icon-feather/icomoon.eot","time":"2015-08-24T08:28:25.811Z","v":0}
{"name":"hexo","hostname":"liuhuobing-PC","pid":2368,"level":20,"msg":"Processed: source/fonts/icon-default/selection.json","time":"2015-08-24T08:28:25.811Z","v":0}
{"name":"hexo","hostname":"liuhuobing-PC","pid":2368,"level":20,"msg":"Processed: source/fonts/icon-default/icomoon.woff","time":"2015-08-24T08:28:25.811Z","v":0}
{"name":"hexo","hostname":"liuhuobing-PC","pid":2368,"level":20,"msg":"Processed: source/fonts/icon-default/icomoon.ttf","time":"2015-08-24T08:28:25.811Z","v":0}
{"name":"hexo","hostname":"liuhuobing-PC","pid":2368,"level":20,"msg":"Processed: source/fonts/icon-default/icomoon.svg","time":"2015-08-24T08:28:25.812Z","v":0}
{"name":"hexo","hostname":"liuhuobing-PC","pid":2368,"level":20,"msg":"Processed: source/fonts/icon-default/icomoon.eot","time":"2015-08-24T08:28:25.812Z","v":0}
{"name":"hexo","hostname":"liuhuobing-PC","pid":2368,"level":20,"msg":"Processed: source/css/main.styl","time":"2015-08-24T08:28:25.812Z","v":0}
{"name":"hexo","hostname":"liuhuobing-PC","pid":2368,"level":20,"msg":"Processed: layout/tag.swig","time":"2015-08-24T08:28:25.821Z","v":0}
{"name":"hexo","hostname":"liuhuobing-PC","pid":2368,"level":20,"msg":"Processed: layout/post.swig","time":"2015-08-24T08:28:25.823Z","v":0}
{"name":"hexo","hostname":"liuhuobing-PC","pid":2368,"level":20,"msg":"Processed: layout/page.swig","time":"2015-08-24T08:28:25.824Z","v":0}
{"name":"hexo","hostname":"liuhuobing-PC","pid":2368,"level":20,"msg":"Processed: layout/index.swig","time":"2015-08-24T08:28:25.827Z","v":0}
{"name":"hexo","hostname":"liuhuobing-PC","pid":2368,"level":20,"msg":"Processed: layout/category.swig","time":"2015-08-24T08:28:25.828Z","v":0}
{"name":"hexo","hostname":"liuhuobing-PC","pid":2368,"level":20,"msg":"Processed: layout/archive.swig","time":"2015-08-24T08:28:25.829Z","v":0}
{"name":"hexo","hostname":"liuhuobing-PC","pid":2368,"level":20,"msg":"Processed: layout/_scripts/pages/post-details.swig","time":"2015-08-24T08:28:25.829Z","v":0}
{"name":"hexo","hostname":"liuhuobing-PC","pid":2368,"level":20,"msg":"Processed: layout/_scripts/motion.swig","time":"2015-08-24T08:28:25.830Z","v":0}
{"name":"hexo","hostname":"liuhuobing-PC","pid":2368,"level":20,"msg":"Processed: layout/_scripts/mathjax.swig","time":"2015-08-24T08:28:25.835Z","v":0}
{"name":"hexo","hostname":"liuhuobing-PC","pid":2368,"level":20,"msg":"Processed: layout/_scripts/helpers.swig","time":"2015-08-24T08:28:25.836Z","v":0}
{"name":"hexo","hostname":"liuhuobing-PC","pid":2368,"level":20,"msg":"Processed: layout/_scripts/fancy-box.swig","time":"2015-08-24T08:28:25.837Z","v":0}
{"name":"hexo","hostname":"liuhuobing-PC","pid":2368,"level":20,"msg":"Processed: layout/_scripts/comments/duoshuo.swig","time":"2015-08-24T08:28:25.838Z","v":0}
{"name":"hexo","hostname":"liuhuobing-PC","pid":2368,"level":20,"msg":"Processed: layout/_scripts/comments/disqus.swig","time":"2015-08-24T08:28:25.838Z","v":0}
{"name":"hexo","hostname":"liuhuobing-PC","pid":2368,"level":20,"msg":"Processed: layout/_scripts/bootstrap.scrollspy.swig","time":"2015-08-24T08:28:25.839Z","v":0}
{"name":"hexo","hostname":"liuhuobing-PC","pid":2368,"level":20,"msg":"Processed: layout/_scripts/baidushare.swig","time":"2015-08-24T08:28:25.840Z","v":0}
{"name":"hexo","hostname":"liuhuobing-PC","pid":2368,"level":20,"msg":"Processed: layout/_scripts/analytics.swig","time":"2015-08-24T08:28:25.840Z","v":0}
{"name":"hexo","hostname":"liuhuobing-PC","pid":2368,"level":20,"msg":"Processed: layout/_scripts/analytics/google-analytics.swig","time":"2015-08-24T08:28:25.841Z","v":0}
{"name":"hexo","hostname":"liuhuobing-PC","pid":2368,"level":20,"msg":"Processed: layout/_scripts/analytics/baidu-analytics.swig","time":"2015-08-24T08:28:25.841Z","v":0}
{"name":"hexo","hostname":"liuhuobing-PC","pid":2368,"level":20,"msg":"Processed: layout/_partials/share/jiathis.swig","time":"2015-08-24T08:28:25.842Z","v":0}
{"name":"hexo","hostname":"liuhuobing-PC","pid":2368,"level":20,"msg":"Processed: layout/_partials/share/duoshuo_share.swig","time":"2015-08-24T08:28:25.842Z","v":0}
{"name":"hexo","hostname":"liuhuobing-PC","pid":2368,"level":20,"msg":"Processed: layout/_partials/search.swig","time":"2015-08-24T08:28:25.843Z","v":0}
{"name":"hexo","hostname":"liuhuobing-PC","pid":2368,"level":20,"msg":"Processed: layout/_partials/search/tinysou.swig","time":"2015-08-24T08:28:25.843Z","v":0}
{"name":"hexo","hostname":"liuhuobing-PC","pid":2368,"level":20,"msg":"Processed: layout/_partials/search/swiftype.swig","time":"2015-08-24T08:28:25.844Z","v":0}
{"name":"hexo","hostname":"liuhuobing-PC","pid":2368,"level":20,"msg":"Processed: layout/_partials/pagination.swig","time":"2015-08-24T08:28:25.844Z","v":0}
{"name":"hexo","hostname":"liuhuobing-PC","pid":2368,"level":20,"msg":"Processed: layout/_partials/old-browsers.swig","time":"2015-08-24T08:28:25.845Z","v":0}
{"name":"hexo","hostname":"liuhuobing-PC","pid":2368,"level":20,"msg":"Processed: layout/_partials/header.swig","time":"2015-08-24T08:28:25.845Z","v":0}
{"name":"hexo","hostname":"liuhuobing-PC","pid":2368,"level":20,"msg":"Processed: layout/_partials/head.swig","time":"2015-08-24T08:28:25.846Z","v":0}
{"name":"hexo","hostname":"liuhuobing-PC","pid":2368,"level":20,"msg":"Processed: layout/_partials/footer.swig","time":"2015-08-24T08:28:25.848Z","v":0}
{"name":"hexo","hostname":"liuhuobing-PC","pid":2368,"level":20,"msg":"Processed: layout/_macro/sidebar.swig","time":"2015-08-24T08:28:25.849Z","v":0}
{"name":"hexo","hostname":"liuhuobing-PC","pid":2368,"level":20,"msg":"Processed: layout/_macro/post.swig","time":"2015-08-24T08:28:25.849Z","v":0}
{"name":"hexo","hostname":"liuhuobing-PC","pid":2368,"level":20,"msg":"Processed: layout/_macro/post-collapse.swig","time":"2015-08-24T08:28:25.851Z","v":0}
{"name":"hexo","hostname":"liuhuobing-PC","pid":2368,"level":20,"msg":"Processed: layout/_layout.swig","time":"2015-08-24T08:28:25.851Z","v":0}
{"name":"hexo","hostname":"liuhuobing-PC","pid":2368,"level":20,"msg":"Processed: languages/zh-tw.yml","time":"2015-08-24T08:28:25.855Z","v":0}
{"name":"hexo","hostname":"liuhuobing-PC","pid":2368,"level":20,"msg":"Processed: languages/zh-hk.yml","time":"2015-08-24T08:28:25.856Z","v":0}
{"name":"hexo","hostname":"liuhuobing-PC","pid":2368,"level":20,"msg":"Processed: languages/zh-Hans.yml","time":"2015-08-24T08:28:25.860Z","v":0}
{"name":"hexo","hostname":"liuhuobing-PC","pid":2368,"level":20,"msg":"Processed: languages/ru.yml","time":"2015-08-24T08:28:25.866Z","v":0}
{"name":"hexo","hostname":"liuhuobing-PC","pid":2368,"level":20,"msg":"Processed: languages/fr-FR.yml","time":"2015-08-24T08:28:25.867Z","v":0}
{"name":"hexo","hostname":"liuhuobing-PC","pid":2368,"level":20,"msg":"Processed: languages/en.yml","time":"2015-08-24T08:28:25.869Z","v":0}
{"name":"hexo","hostname":"liuhuobing-PC","pid":2368,"level":20,"msg":"Processed: languages/default.yml","time":"2015-08-24T08:28:25.870Z","v":0}
{"name":"hexo","hostname":"liuhuobing-PC","pid":2368,"level":20,"msg":"Processed: languages/de.yml","time":"2015-08-24T08:28:25.871Z","v":0}
{"name":"hexo","hostname":"liuhuobing-PC","pid":2368,"level":20,"msg":"Theme config loaded.","time":"2015-08-24T08:28:25.885Z","v":0}
{"name":"hexo","hostname":"liuhuobing-PC","pid":2368,"level":20,"msg":"Processed: _config.yml","time":"2015-08-24T08:28:25.885Z","v":0}
{"name":"hexo","hostname":"liuhuobing-PC","pid":2368,"level":20,"msg":"Generator: page","time":"2015-08-24T08:28:26.345Z","v":0}
{"name":"hexo","hostname":"liuhuobing-PC","pid":2368,"level":20,"msg":"Generator: post","time":"2015-08-24T08:28:26.345Z","v":0}
{"name":"hexo","hostname":"liuhuobing-PC","pid":2368,"level":20,"msg":"Generator: archive","time":"2015-08-24T08:28:26.346Z","v":0}
{"name":"hexo","hostname":"liuhuobing-PC","pid":2368,"level":20,"msg":"Generator: category","time":"2015-08-24T08:28:26.346Z","v":0}
{"name":"hexo","hostname":"liuhuobing-PC","pid":2368,"level":20,"msg":"Generator: index","time":"2015-08-24T08:28:26.346Z","v":0}
{"name":"hexo","hostname":"liuhuobing-PC","pid":2368,"level":20,"msg":"Generator: tag","time":"2015-08-24T08:28:26.346Z","v":0}
{"name":"hexo","hostname":"liuhuobing-PC","pid":2368,"level":20,"msg":"Generator: asset","time":"2015-08-24T08:28:26.348Z","v":0}
{"name":"hexo","hostname":"liuhuobing-PC","pid":2368,"level":30,"msg":"Hexo is running at http://0.0.0.0:4000/. Press Ctrl+C to stop.","time":"2015-08-24T08:28:26.354Z","v":0}
{"name":"hexo","hostname":"liuhuobing-PC","pid":2368,"level":20,"msg":"Database saved","time":"2015-08-24T08:28:26.367Z","v":0}
{"name":"hexo","hostname":"liuhuobing-PC","pid":2368,"level":20,"msg":"Rendering index: index.html","time":"2015-08-24T08:28:43.800Z","v":0}
{"name":"hexo","hostname":"liuhuobing-PC","pid":2368,"level":20,"msg":"Rendering archive: archives/index.html","time":"2015-08-24T08:28:54.909Z","v":0}
{"name":"hexo","hostname":"liuhuobing-PC","pid":2368,"level":20,"msg":"Rendering index: index.html","time":"2015-08-24T08:28:56.750Z","v":0}
{"name":"hexo","hostname":"liuhuobing-PC","pid":2368,"level":20,"msg":"Rendering archive: archives/index.html","time":"2015-08-24T08:28:58.338Z","v":0}
{"name":"hexo","hostname":"liuhuobing-PC","pid":2368,"level":20,"msg":"Rendering archive: archives/index.html","time":"2015-08-24T08:29:03.910Z","v":0}
{"name":"hexo","hostname":"liuhuobing-PC","pid":2368,"level":20,"msg":"Updated: themes/next/_config.yml","time":"2015-08-24T08:29:32.187Z","v":0}
{"name":"hexo","hostname":"liuhuobing-PC","pid":2368,"level":20,"msg":"Theme config loaded.","time":"2015-08-24T08:29:32.288Z","v":0}
{"name":"hexo","hostname":"liuhuobing-PC","pid":2368,"level":20,"msg":"Processed: _config.yml","time":"2015-08-24T08:29:32.288Z","v":0}
{"name":"hexo","hostname":"liuhuobing-PC","pid":2368,"level":20,"msg":"Generator: page","time":"2015-08-24T08:29:32.316Z","v":0}
{"name":"hexo","hostname":"liuhuobing-PC","pid":2368,"level":20,"msg":"Generator: post","time":"2015-08-24T08:29:32.316Z","v":0}
{"name":"hexo","hostname":"liuhuobing-PC","pid":2368,"level":20,"msg":"Generator: archive","time":"2015-08-24T08:29:32.316Z","v":0}
{"name":"hexo","hostname":"liuhuobing-PC","pid":2368,"level":20,"msg":"Generator: category","time":"2015-08-24T08:29:32.316Z","v":0}
{"name":"hexo","hostname":"liuhuobing-PC","pid":2368,"level":20,"msg":"Generator: index","time":"2015-08-24T08:29:32.317Z","v":0}
{"name":"hexo","hostname":"liuhuobing-PC","pid":2368,"level":20,"msg":"Generator: tag","time":"2015-08-24T08:29:32.317Z","v":0}
{"name":"hexo","hostname":"liuhuobing-PC","pid":2368,"level":20,"msg":"Generator: asset","time":"2015-08-24T08:29:32.323Z","v":0}
{"name":"hexo","hostname":"liuhuobing-PC","pid":2368,"level":20,"msg":"Unchanged: themes/next/_config.yml","time":"2015-08-24T08:29:32.459Z","v":0}
{"name":"hexo","hostname":"liuhuobing-PC","pid":2368,"level":20,"msg":"Theme config loaded.","time":"2015-08-24T08:29:32.562Z","v":0}
{"name":"hexo","hostname":"liuhuobing-PC","pid":2368,"level":20,"msg":"Processed: _config.yml","time":"2015-08-24T08:29:32.562Z","v":0}
{"name":"hexo","hostname":"liuhuobing-PC","pid":2368,"level":20,"msg":"Generator: page","time":"2015-08-24T08:29:32.576Z","v":0}
{"name":"hexo","hostname":"liuhuobing-PC","pid":2368,"level":20,"msg":"Generator: post","time":"2015-08-24T08:29:32.577Z","v":0}
{"name":"hexo","hostname":"liuhuobing-PC","pid":2368,"level":20,"msg":"Generator: archive","time":"2015-08-24T08:29:32.577Z","v":0}
{"name":"hexo","hostname":"liuhuobing-PC","pid":2368,"level":20,"msg":"Generator: category","time":"2015-08-24T08:29:32.577Z","v":0}
{"name":"hexo","hostname":"liuhuobing-PC","pid":2368,"level":20,"msg":"Generator: index","time":"2015-08-24T08:29:32.578Z","v":0}
{"name":"hexo","hostname":"liuhuobing-PC","pid":2368,"level":20,"msg":"Generator: tag","time":"2015-08-24T08:29:32.578Z","v":0}
{"name":"hexo","hostname":"liuhuobing-PC","pid":2368,"level":20,"msg":"Generator: asset","time":"2015-08-24T08:29:32.580Z","v":0}
{"name":"hexo","hostname":"liuhuobing-PC","pid":2368,"level":20,"msg":"Unchanged: themes/next/_config.yml","time":"2015-08-24T08:29:32.651Z","v":0}
{"name":"hexo","hostname":"liuhuobing-PC","pid":2368,"level":20,"msg":"Theme config loaded.","time":"2015-08-24T08:29:32.753Z","v":0}
{"name":"hexo","hostname":"liuhuobing-PC","pid":2368,"level":20,"msg":"Processed: _config.yml","time":"2015-08-24T08:29:32.753Z","v":0}
{"name":"hexo","hostname":"liuhuobing-PC","pid":2368,"level":20,"msg":"Generator: page","time":"2015-08-24T08:29:32.764Z","v":0}
{"name":"hexo","hostname":"liuhuobing-PC","pid":2368,"level":20,"msg":"Generator: post","time":"2015-08-24T08:29:32.764Z","v":0}
{"name":"hexo","hostname":"liuhuobing-PC","pid":2368,"level":20,"msg":"Generator: archive","time":"2015-08-24T08:29:32.765Z","v":0}
{"name":"hexo","hostname":"liuhuobing-PC","pid":2368,"level":20,"msg":"Generator: category","time":"2015-08-24T08:29:32.765Z","v":0}
{"name":"hexo","hostname":"liuhuobing-PC","pid":2368,"level":20,"msg":"Generator: index","time":"2015-08-24T08:29:32.765Z","v":0}
{"name":"hexo","hostname":"liuhuobing-PC","pid":2368,"level":20,"msg":"Generator: tag","time":"2015-08-24T08:29:32.765Z","v":0}
{"name":"hexo","hostname":"liuhuobing-PC","pid":2368,"level":20,"msg":"Generator: asset","time":"2015-08-24T08:29:32.766Z","v":0}
{"name":"hexo","hostname":"liuhuobing-PC","pid":2368,"level":20,"msg":"Unchanged: themes/next/_config.yml","time":"2015-08-24T08:29:43.487Z","v":0}
{"name":"hexo","hostname":"liuhuobing-PC","pid":2368,"level":20,"msg":"Theme config loaded.","time":"2015-08-24T08:29:43.588Z","v":0}
{"name":"hexo","hostname":"liuhuobing-PC","pid":2368,"level":20,"msg":"Processed: _config.yml","time":"2015-08-24T08:29:43.588Z","v":0}
{"name":"hexo","hostname":"liuhuobing-PC","pid":2368,"level":20,"msg":"Generator: page","time":"2015-08-24T08:29:43.602Z","v":0}
{"name":"hexo","hostname":"liuhuobing-PC","pid":2368,"level":20,"msg":"Generator: post","time":"2015-08-24T08:29:43.602Z","v":0}
{"name":"hexo","hostname":"liuhuobing-PC","pid":2368,"level":20,"msg":"Generator: archive","time":"2015-08-24T08:29:43.603Z","v":0}
{"name":"hexo","hostname":"liuhuobing-PC","pid":2368,"level":20,"msg":"Generator: category","time":"2015-08-24T08:29:43.603Z","v":0}
{"name":"hexo","hostname":"liuhuobing-PC","pid":2368,"level":20,"msg":"Generator: index","time":"2015-08-24T08:29:43.603Z","v":0}
{"name":"hexo","hostname":"liuhuobing-PC","pid":2368,"level":20,"msg":"Generator: tag","time":"2015-08-24T08:29:43.603Z","v":0}
{"name":"hexo","hostname":"liuhuobing-PC","pid":2368,"level":20,"msg":"Generator: asset","time":"2015-08-24T08:29:43.605Z","v":0}
{"name":"hexo","hostname":"liuhuobing-PC","pid":2368,"level":20,"msg":"Unchanged: themes/next/_config.yml","time":"2015-08-24T08:29:43.758Z","v":0}
{"name":"hexo","hostname":"liuhuobing-PC","pid":2368,"level":20,"msg":"Theme config loaded.","time":"2015-08-24T08:29:43.860Z","v":0}
{"name":"hexo","hostname":"liuhuobing-PC","pid":2368,"level":20,"msg":"Processed: _config.yml","time":"2015-08-24T08:29:43.861Z","v":0}
{"name":"hexo","hostname":"liuhuobing-PC","pid":2368,"level":20,"msg":"Generator: page","time":"2015-08-24T08:29:43.880Z","v":0}
{"name":"hexo","hostname":"liuhuobing-PC","pid":2368,"level":20,"msg":"Generator: post","time":"2015-08-24T08:29:43.881Z","v":0}
{"name":"hexo","hostname":"liuhuobing-PC","pid":2368,"level":20,"msg":"Generator: archive","time":"2015-08-24T08:29:43.881Z","v":0}
{"name":"hexo","hostname":"liuhuobing-PC","pid":2368,"level":20,"msg":"Generator: category","time":"2015-08-24T08:29:43.881Z","v":0}
{"name":"hexo","hostname":"liuhuobing-PC","pid":2368,"level":20,"msg":"Generator: index","time":"2015-08-24T08:29:43.881Z","v":0}
{"name":"hexo","hostname":"liuhuobing-PC","pid":2368,"level":20,"msg":"Generator: tag","time":"2015-08-24T08:29:43.881Z","v":0}
{"name":"hexo","hostname":"liuhuobing-PC","pid":2368,"level":20,"msg":"Generator: asset","time":"2015-08-24T08:29:43.884Z","v":0}
{"name":"hexo","hostname":"liuhuobing-PC","pid":2368,"level":20,"msg":"Unchanged: themes/next/_config.yml","time":"2015-08-24T08:29:43.939Z","v":0}
{"name":"hexo","hostname":"liuhuobing-PC","pid":2368,"level":20,"msg":"Theme config loaded.","time":"2015-08-24T08:29:44.041Z","v":0}
{"name":"hexo","hostname":"liuhuobing-PC","pid":2368,"level":20,"msg":"Processed: _config.yml","time":"2015-08-24T08:29:44.041Z","v":0}
{"name":"hexo","hostname":"liuhuobing-PC","pid":2368,"level":20,"msg":"Generator: page","time":"2015-08-24T08:29:44.055Z","v":0}
{"name":"hexo","hostname":"liuhuobing-PC","pid":2368,"level":20,"msg":"Generator: post","time":"2015-08-24T08:29:44.055Z","v":0}
{"name":"hexo","hostname":"liuhuobing-PC","pid":2368,"level":20,"msg":"Generator: archive","time":"2015-08-24T08:29:44.056Z","v":0}
{"name":"hexo","hostname":"liuhuobing-PC","pid":2368,"level":20,"msg":"Generator: category","time":"2015-08-24T08:29:44.056Z","v":0}
{"name":"hexo","hostname":"liuhuobing-PC","pid":2368,"level":20,"msg":"Generator: index","time":"2015-08-24T08:29:44.056Z","v":0}
{"name":"hexo","hostname":"liuhuobing-PC","pid":2368,"level":20,"msg":"Generator: tag","time":"2015-08-24T08:29:44.056Z","v":0}
{"name":"hexo","hostname":"liuhuobing-PC","pid":2368,"level":20,"msg":"Generator: asset","time":"2015-08-24T08:29:44.058Z","v":0}
{"name":"hexo","hostname":"liuhuobing-PC","pid":2368,"level":20,"msg":"Unchanged: themes/next/_config.yml","time":"2015-08-24T08:30:05.108Z","v":0}
{"name":"hexo","hostname":"liuhuobing-PC","pid":2368,"level":20,"msg":"Theme config loaded.","time":"2015-08-24T08:30:05.212Z","v":0}
{"name":"hexo","hostname":"liuhuobing-PC","pid":2368,"level":20,"msg":"Processed: _config.yml","time":"2015-08-24T08:30:05.212Z","v":0}
{"name":"hexo","hostname":"liuhuobing-PC","pid":2368,"level":20,"msg":"Generator: page","time":"2015-08-24T08:30:05.232Z","v":0}
{"name":"hexo","hostname":"liuhuobing-PC","pid":2368,"level":20,"msg":"Generator: post","time":"2015-08-24T08:30:05.233Z","v":0}
{"name":"hexo","hostname":"liuhuobing-PC","pid":2368,"level":20,"msg":"Generator: archive","time":"2015-08-24T08:30:05.233Z","v":0}
{"name":"hexo","hostname":"liuhuobing-PC","pid":2368,"level":20,"msg":"Generator: category","time":"2015-08-24T08:30:05.234Z","v":0}
{"name":"hexo","hostname":"liuhuobing-PC","pid":2368,"level":20,"msg":"Generator: index","time":"2015-08-24T08:30:05.234Z","v":0}
{"name":"hexo","hostname":"liuhuobing-PC","pid":2368,"level":20,"msg":"Generator: tag","time":"2015-08-24T08:30:05.234Z","v":0}
{"name":"hexo","hostname":"liuhuobing-PC","pid":2368,"level":20,"msg":"Generator: asset","time":"2015-08-24T08:30:05.236Z","v":0}
